<?xml version="1.0" encoding="UTF-8"?>
<!-- Generated by org.testng.reporters.JUnitReportReporter -->
<testsuite hostname="MissionPossible" name="TestDriverScript" tests="1" failures="0" timestamp="24 Aug 2015 02:03:35 GMT" time="25.353" errors="0">
  <testcase name="fetchingurl" time="25.353" classname="TestDriverScript"/>
</testsuite> <!-- TestDriverScript -->
